// 重构日志: a83e6667
// 重构日志: 9e40618e
// 重构日志: dccbdf55
// 重构日志: 167f2873
// 重构日志: 2f321730
// 重构日志: b94fbbd7
// 重构日志: f8a2d891
// 重构日志: 1c523b61
// 同步 ID: 28dd35eb @ Wed Jul  8 11:28:16 UTC 2026
// 重构日志: 7fba0851
// 重构日志: 85e09ee9
// 同步 ID: f5bd86ef @ Sat Jul 11 11:54:15 UTC 2026
// 重构日志: 5e631658
// 同步 ID: f770a05b @ Sun Jul 12 14:18:30 UTC 2026
// 同步 ID: 9202fe69 @ Sun Jul 12 15:01:13 UTC 2026
// 同步 ID: ba3f0023 @ Mon Jul 13 02:26:37 UTC 2026
// 重构日志: bcc25f6e
// 同步 ID: 92f4cf12 @ Mon Jul 13 13:57:27 UTC 2026
// 重构日志: 27dda998
// 重构日志: fbc1498a
// 同步 ID: d71477ce @ Tue Jul 14 16:38:00 UTC 2026
// 同步 ID: fdeb1fe4 @ Wed Jul 15 05:56:37 UTC 2026
// 重构日志: 315fdf67
// 同步 ID: 471e9585 @ Thu Jul 16 08:59:32 UTC 2026
// 同步 ID: dcfc2983 @ Fri Jul 17 12:14:19 UTC 2026
// 重构日志: 724322be
// 重构日志: 6e4044d7
// 同步 ID: 451376af @ Sun Jul 19 02:23:00 UTC 2026
// 同步 ID: 21b8be50 @ Sun Jul 19 06:25:43 UTC 2026
// 同步 ID: e0c0a82d @ Sun Jul 19 16:59:08 UTC 2026
// 重构日志: f47ca7d8
// 重构日志: 1195534c
